<?xml version="1.0" encoding="UTF-8"?>
<robot generator="Robot 3.1.2 (Python 3.8.1 on win32)" generated="20191229 01:44:45.857" rpa="false">
<suite id="s1" name="TestFactory" source="C:\eclipse-workspace\TestFactory">
<suite id="s1-s1" name="SY" source="C:\eclipse-workspace\TestFactory\SY">
<suite id="s1-s1-s1" name="Smoke tests" source="C:\eclipse-workspace\TestFactory\SY\Smoke tests.robot">
<test id="s1-s1-s1-t1" name="Login">
<kw name="Log" library="BuiltIn">
<doc>Logs the given message with the given level.</doc>
<arguments>
<arg>Bonjour</arg>
</arguments>
<msg timestamp="20191229 01:44:46.703" level="INFO">Bonjour</msg>
<status status="PASS" starttime="20191229 01:44:46.703" endtime="20191229 01:44:46.703"></status>
</kw>
<status status="PASS" starttime="20191229 01:44:46.702" endtime="20191229 01:44:46.703" critical="yes"></status>
</test>
<test id="s1-s1-s1-t2" name="Access">
<kw name="Open Browser" library="SeleniumLibrary">
<doc>Opens a new browser instance to the optional ``url``.</doc>
<arguments>
<arg>https:google.com</arg>
<arg>chrome</arg>
</arguments>
<msg timestamp="20191229 01:44:46.704" level="INFO">Opening browser 'chrome' to base url 'https:google.com'.</msg>
<status status="PASS" starttime="20191229 01:44:46.704" endtime="20191229 01:45:13.397"></status>
</kw>
<kw name="Set Browser Implicit Wait" library="SeleniumLibrary">
<doc>Sets the implicit wait value used by Selenium.</doc>
<arguments>
<arg>4</arg>
</arguments>
<status status="PASS" starttime="20191229 01:45:13.398" endtime="20191229 01:45:13.400"></status>
</kw>
<kw name="Input Text" library="SeleniumLibrary">
<doc>Types the given ``text`` into the text field identified by ``locator``.</doc>
<arguments>
<arg>name=q</arg>
<arg>SY by Cegedim</arg>
</arguments>
<msg timestamp="20191229 01:45:13.402" level="INFO">Typing text 'SY by Cegedim' into text field 'name=q'.</msg>
<status status="PASS" starttime="20191229 01:45:13.402" endtime="20191229 01:45:13.561"></status>
</kw>
<kw name="Press Keys" library="SeleniumLibrary">
<doc>Simulates the user pressing key(s) to an element or on the active browser.</doc>
<arguments>
<arg>name=q</arg>
<arg>ENTER</arg>
</arguments>
<msg timestamp="20191229 01:45:13.563" level="INFO">Sending key(s) ('ENTER',) to name=q element.</msg>
<msg timestamp="20191229 01:45:13.577" level="INFO">Pressing special key ENTER to element.</msg>
<status status="PASS" starttime="20191229 01:45:13.562" endtime="20191229 01:45:16.288"></status>
</kw>
<kw name="Sleep" library="BuiltIn">
<doc>Pauses the test executed for the given time.</doc>
<arguments>
<arg>2</arg>
</arguments>
<msg timestamp="20191229 01:45:18.291" level="INFO">Slept 2 seconds</msg>
<status status="PASS" starttime="20191229 01:45:16.288" endtime="20191229 01:45:18.291"></status>
</kw>
<kw name="Log" library="BuiltIn">
<doc>Logs the given message with the given level.</doc>
<arguments>
<arg>Test completed</arg>
</arguments>
<msg timestamp="20191229 01:45:18.292" level="INFO">Test completed</msg>
<status status="PASS" starttime="20191229 01:45:18.291" endtime="20191229 01:45:18.293"></status>
</kw>
<status status="PASS" starttime="20191229 01:44:46.703" endtime="20191229 01:45:18.293" critical="yes"></status>
</test>
<status status="PASS" starttime="20191229 01:44:46.556" endtime="20191229 01:45:18.295"></status>
</suite>
<status status="PASS" starttime="20191229 01:44:46.555" endtime="20191229 01:45:18.299"></status>
</suite>
<status status="PASS" starttime="20191229 01:44:46.535" endtime="20191229 01:45:18.305"></status>
</suite>
<statistics>
<total>
<stat pass="2" fail="0">Critical Tests</stat>
<stat pass="2" fail="0">All Tests</stat>
</total>
<tag>
</tag>
<suite>
<stat pass="2" fail="0" id="s1" name="TestFactory">TestFactory</stat>
<stat pass="2" fail="0" id="s1-s1" name="SY">TestFactory.SY</stat>
<stat pass="2" fail="0" id="s1-s1-s1" name="Smoke tests">TestFactory.SY.Smoke tests</stat>
</suite>
</statistics>
<errors>
</errors>
</robot>
